<?xml version='1.0'?>
<ns2:test-suite xmlns:ns2='urn:model.allure.qatools.yandex.ru' start='1630953788396' stop='1630953842844'>
    <name>specs/tests.spec.js</name>
    <title>specs/tests.spec.js</title>
    <test-cases>
        <test-case start='1630953788396' status='failed' stop='1630953842829'>
            <name>Создание НП-10 значный</name>
            <title>Создание НП-10 значный</title>
            <labels/>
            <parameters/>
            <steps/>
            <attachments/>
            <failure>
                <message>TimeoutError: page.waitForSelector: Timeout 30000ms exceeded.
                =========================== logs ===========================
                waiting for selector "table>tbody>tr:nth-child(1)>td:nth-child(1)>span" to be visible
                ============================================================
                Note: use DEBUG=pw:api environment variable and rerun to capture Playwright logs.</message>
                <stack-trace>page.waitForSelector: Timeout 30000ms exceeded.
                =========================== logs ===========================
                waiting for selector "table>tbody>tr:nth-child(1)>td:nth-child(1)>span" to be visible
                ============================================================
                Note: use DEBUG=pw:api environment variable and rerun to capture Playwright logs.: 
                    at Connection.sendMessageToServer (/Users/rufina/Desktop/sber_ui/node_modules/playwright/lib/client/connection.js:69:15)
                    at Proxy.&lt;anonymous> (/Users/rufina/Desktop/sber_ui/node_modules/playwright/lib/client/channelOwner.js:44:61)
                    at /Users/rufina/Desktop/sber_ui/node_modules/playwright/lib/client/frame.js:180:48
                    at Frame._wrapApiCall (/Users/rufina/Desktop/sber_ui/node_modules/playwright/lib/client/channelOwner.js:72:34)
                    at Frame.waitForSelector (/Users/rufina/Desktop/sber_ui/node_modules/playwright/lib/client/frame.js:175:21)
                    at /Users/rufina/Desktop/sber_ui/node_modules/playwright/lib/client/page.js:215:60
                    at Page._attributeToPage (/Users/rufina/Desktop/sber_ui/node_modules/playwright/lib/client/page.js:205:20)
                    at Page.waitForSelector (/Users/rufina/Desktop/sber_ui/node_modules/playwright/lib/client/page.js:215:21)
                    at LocatorPage.getElement (/Users/rufina/Desktop/sber_ui/framework/pages/locatorPage.js:11:18)
                    at Object.&lt;anonymous> (/Users/rufina/Desktop/sber_ui/specs/tests.spec.js:44:51)</stack-trace>
            </failure>
        </test-case>
        <test-case start='1630953842830' status='undefined' stop='1630953842830'>
            <name>Создание НП-12 значный</name>
            <title>Создание НП-12 значный</title>
            <labels/>
            <parameters/>
            <steps/>
            <attachments/>
            <failure>
                <message>This test was disabled</message>
                <stack-trace>undefined</stack-trace>
            </failure>
        </test-case>
        <test-case start='1630953842830' status='undefined' stop='1630953842830'>
            <name>Создание НП-10 значный который уже есть в системе</name>
            <title>Создание НП-10 значный который уже есть в системе</title>
            <labels/>
            <parameters/>
            <steps/>
            <attachments/>
            <failure>
                <message>This test was disabled</message>
                <stack-trace>undefined</stack-trace>
            </failure>
        </test-case>
        <test-case start='1630953842830' status='undefined' stop='1630953842830'>
            <name>Создание НП-12 значный который уже есть в системе</name>
            <title>Создание НП-12 значный который уже есть в системе</title>
            <labels/>
            <parameters/>
            <steps/>
            <attachments/>
            <failure>
                <message>This test was disabled</message>
                <stack-trace>undefined</stack-trace>
            </failure>
        </test-case>
        <test-case start='1630953842830' status='undefined' stop='1630953842830'>
            <name>Поиск по ИНН на вкладке НП</name>
            <title>Поиск по ИНН на вкладке НП</title>
            <labels/>
            <parameters/>
            <steps/>
            <attachments/>
            <failure>
                <message>This test was disabled</message>
                <stack-trace>undefined</stack-trace>
            </failure>
        </test-case>
        <test-case start='1630953842830' status='undefined' stop='1630953842830'>
            <name>Поиск по ИНН на вкладке Запросы</name>
            <title>Поиск по ИНН на вкладке Запросы</title>
            <labels/>
            <parameters/>
            <steps/>
            <attachments/>
            <failure>
                <message>This test was disabled</message>
                <stack-trace>undefined</stack-trace>
            </failure>
        </test-case>
        <test-case start='1630953842830' status='undefined' stop='1630953842830'>
            <name>Фильтр по ИНН на вкладке НП</name>
            <title>Фильтр по ИНН на вкладке НП</title>
            <labels/>
            <parameters/>
            <steps/>
            <attachments/>
            <failure>
                <message>This test was disabled</message>
                <stack-trace>undefined</stack-trace>
            </failure>
        </test-case>
        <test-case start='1630953842830' status='undefined' stop='1630953842830'>
            <name>Фильтр по ИНН на вкладке Запросы</name>
            <title>Фильтр по ИНН на вкладке Запросы</title>
            <labels/>
            <parameters/>
            <steps/>
            <attachments/>
            <failure>
                <message>This test was disabled</message>
                <stack-trace>undefined</stack-trace>
            </failure>
        </test-case>
        <test-case start='1630953842830' status='undefined' stop='1630953842830'>
            <name>Фильтр по Статусу на вкладке Запросы</name>
            <title>Фильтр по Статусу на вкладке Запросы</title>
            <labels/>
            <parameters/>
            <steps/>
            <attachments/>
            <failure>
                <message>This test was disabled</message>
                <stack-trace>undefined</stack-trace>
            </failure>
        </test-case>
    </test-cases>
</ns2:test-suite>